<?xml version="1.0" encoding="UTF-8"?>
<!-- Generated by org.testng.reporters.JUnitReportReporter -->
<testsuite skipped="0" hostname="DESKTOP-T682CD6" name="com.java.extentreport.ExtentReportTesting" tests="1" failures="0" timestamp="2020-03-18T13:20:21 IST" time="6.024" errors="0">
  <testcase name="tc002" time="6.024" classname="com.java.extentreport.ExtentReportTesting"/>
</testsuite> <!-- com.java.extentreport.ExtentReportTesting -->
